This file contains any messages produced by compilers while
running configure, to aid debugging if configure makes a mistake.

It was created by g15daemon configure 1.9.5.6, which was
generated by GNU Autoconf 2.71.  Invocation command line was

  $ ./configure --prefix=/usr --sbindir=/usr/bin --disable-static 'CFLAGS=-march=native -O2 -pipe -fno-plt -fcommon' LDFLAGS=-Wl,-O1,--sort-common,--as-needed,-z,relro,-z,now CPPFLAGS=-D_FORTIFY_SOURCE=2 'CXXFLAGS=-march=native -O2 -pipe -fno-plt' --no-create --no-recursion

## --------- ##
## Platform. ##
## --------- ##

hostname = thunderbluff
uname -m = x86_64
uname -r = 5.10.16-arch1-1
uname -s = Linux
uname -v = #1 SMP PREEMPT Sat, 13 Feb 2021 20:50:18 +0000

/usr/bin/uname -p = unknown
/bin/uname -X     = unknown

/bin/arch              = unknown
/usr/bin/arch -k       = unknown
/usr/convex/getsysinfo = unknown
/usr/bin/hostinfo      = unknown
/bin/machine           = unknown
/usr/bin/oslevel       = unknown
/bin/universe          = unknown

PATH: /usr/local/sbin/
PATH: /usr/local/bin/
PATH: /usr/bin/
PATH: /opt/android-sdk/platform-tools/
PATH: /opt/cuda/bin/
PATH: /opt/cuda/integration/nsight-compute/
PATH: /opt/cuda/integration/nsight-systems/
PATH: /usr/bin/site_perl/
PATH: /usr/bin/vendor_perl/
PATH: /usr/bin/core_perl/


## ----------- ##
## Core tests. ##
## ----------- ##

configure:3081: looking for aux files: missing install-sh config.guess config.sub
configure:3094:  trying ./config/
configure:3123:   ./config/missing found
configure:3105:   ./config/install-sh found
configure:3123:   ./config/config.guess found
configure:3123:   ./config/config.sub found
configure:3243: checking build system type
configure:3258: result: x86_64-unknown-linux-gnu
configure:3278: checking host system type
configure:3292: result: x86_64-unknown-linux-gnu
configure:3312: checking target system type
configure:3326: result: x86_64-unknown-linux-gnu
configure:3370: checking for a BSD-compatible install
configure:3443: result: /usr/bin/install -c
configure:3454: checking whether build environment is sane
configure:3491: result: yes
configure:3518: checking for a race-free mkdir -p
configure:3562: result: /usr/bin/mkdir -p
configure:3575: checking for gawk
configure:3596: found /usr/bin/gawk
configure:3607: result: gawk
configure:3618: checking whether make sets $(MAKE)
configure:3641: result: yes
configure:3898: checking for gcc
configure:3919: found /usr/bin/gcc
configure:3930: result: gcc
configure:4283: checking for C compiler version
configure:4292: gcc --version >&5
gcc (GCC) 10.2.0
Copyright (C) 2020 Free Software Foundation, Inc.
This is free software; see the source for copying conditions.  There is NO
warranty; not even for MERCHANTABILITY or FITNESS FOR A PARTICULAR PURPOSE.

configure:4303: $? = 0
configure:4292: gcc -v >&5
Using built-in specs.
COLLECT_GCC=gcc
COLLECT_LTO_WRAPPER=/usr/lib/gcc/x86_64-pc-linux-gnu/10.2.0/lto-wrapper
Target: x86_64-pc-linux-gnu
Configured with: /build/gcc/src/gcc/configure --prefix=/usr --libdir=/usr/lib --libexecdir=/usr/lib --mandir=/usr/share/man --infodir=/usr/share/info --with-bugurl=https://bugs.archlinux.org/ --enable-languages=c,c++,ada,fortran,go,lto,objc,obj-c++,d --with-isl --with-linker-hash-style=gnu --with-system-zlib --enable-__cxa_atexit --enable-cet=auto --enable-checking=release --enable-clocale=gnu --enable-default-pie --enable-default-ssp --enable-gnu-indirect-function --enable-gnu-unique-object --enable-install-libiberty --enable-linker-build-id --enable-lto --enable-multilib --enable-plugin --enable-shared --enable-threads=posix --disable-libssp --disable-libstdcxx-pch --disable-libunwind-exceptions --disable-werror gdc_include_dir=/usr/include/dlang/gdc
Thread model: posix
Supported LTO compression algorithms: zlib zstd
gcc version 10.2.0 (GCC) 
configure:4303: $? = 0
configure:4292: gcc -V >&5
gcc: error: unrecognized command-line option '-V'
gcc: fatal error: no input files
compilation terminated.
configure:4303: $? = 1
configure:4292: gcc -qversion >&5
gcc: error: unrecognized command-line option '-qversion'; did you mean '--version'?
gcc: fatal error: no input files
compilation terminated.
configure:4303: $? = 1
configure:4292: gcc -version >&5
gcc: error: unrecognized command-line option '-version'
gcc: fatal error: no input files
compilation terminated.
configure:4303: $? = 1
configure:4323: checking whether the C compiler works
configure:4345: gcc -march=native -O2 -pipe -fno-plt -fcommon -D_FORTIFY_SOURCE=2 -Wl,-O1,--sort-common,--as-needed,-z,relro,-z,now conftest.c  >&5
configure:4349: $? = 0
configure:4399: result: yes
configure:4402: checking for C compiler default output file name
configure:4404: result: a.out
configure:4410: checking for suffix of executables
configure:4417: gcc -o conftest -march=native -O2 -pipe -fno-plt -fcommon -D_FORTIFY_SOURCE=2 -Wl,-O1,--sort-common,--as-needed,-z,relro,-z,now conftest.c  >&5
configure:4421: $? = 0
configure:4444: result: 
configure:4466: checking whether we are cross compiling
configure:4474: gcc -o conftest -march=native -O2 -pipe -fno-plt -fcommon -D_FORTIFY_SOURCE=2 -Wl,-O1,--sort-common,--as-needed,-z,relro,-z,now conftest.c  >&5
configure:4478: $? = 0
configure:4485: ./conftest
configure:4489: $? = 0
configure:4504: result: no
configure:4509: checking for suffix of object files
configure:4532: gcc -c -march=native -O2 -pipe -fno-plt -fcommon -D_FORTIFY_SOURCE=2 conftest.c >&5
configure:4536: $? = 0
configure:4558: result: o
configure:4562: checking whether the compiler supports GNU C
configure:4582: gcc -c -march=native -O2 -pipe -fno-plt -fcommon -D_FORTIFY_SOURCE=2 conftest.c >&5
configure:4582: $? = 0
configure:4592: result: yes
configure:4603: checking whether gcc accepts -g
configure:4624: gcc -c -g -D_FORTIFY_SOURCE=2 conftest.c >&5
configure:4624: $? = 0
configure:4668: result: yes
configure:4688: checking for gcc option to enable C11 features
configure:4703: gcc  -c -march=native -O2 -pipe -fno-plt -fcommon -D_FORTIFY_SOURCE=2 conftest.c >&5
configure:4703: $? = 0
configure:4721: result: none needed
configure:4842: checking for style of include used by make
configure:4870: result: GNU
configure:4896: checking dependency style of gcc
configure:4988: result: gcc3
configure:5078: checking for a sed that does not truncate output
configure:5135: result: /usr/bin/sed
configure:5138: checking for grep that handles long lines and -e
configure:5202: result: /usr/bin/grep
configure:5207: checking for egrep
configure:5275: result: /usr/bin/grep -E
configure:5292: checking for ld used by gcc
configure:5360: result: /usr/bin/ld
configure:5367: checking if the linker (/usr/bin/ld) is GNU ld
configure:5383: result: yes
configure:5388: checking for /usr/bin/ld option to reload object files
configure:5396: result: -r
configure:5414: checking for BSD-compatible nm
configure:5464: result: /usr/bin/nm -B
configure:5468: checking whether ln -s works
configure:5472: result: yes
configure:5479: checking how to recognize dependent libraries
configure:5666: result: pass_all
configure:5756: gcc -c -march=native -O2 -pipe -fno-plt -fcommon -D_FORTIFY_SOURCE=2 conftest.c >&5
configure:5759: $? = 0
configure:5884: checking for stdio.h
configure:5884: gcc -c -march=native -O2 -pipe -fno-plt -fcommon -D_FORTIFY_SOURCE=2 conftest.c >&5
configure:5884: $? = 0
configure:5884: result: yes
configure:5884: checking for stdlib.h
configure:5884: gcc -c -march=native -O2 -pipe -fno-plt -fcommon -D_FORTIFY_SOURCE=2 conftest.c >&5
configure:5884: $? = 0
configure:5884: result: yes
configure:5884: checking for string.h
configure:5884: gcc -c -march=native -O2 -pipe -fno-plt -fcommon -D_FORTIFY_SOURCE=2 conftest.c >&5
configure:5884: $? = 0
configure:5884: result: yes
configure:5884: checking for inttypes.h
configure:5884: gcc -c -march=native -O2 -pipe -fno-plt -fcommon -D_FORTIFY_SOURCE=2 conftest.c >&5
configure:5884: $? = 0
configure:5884: result: yes
configure:5884: checking for stdint.h
configure:5884: gcc -c -march=native -O2 -pipe -fno-plt -fcommon -D_FORTIFY_SOURCE=2 conftest.c >&5
configure:5884: $? = 0
configure:5884: result: yes
configure:5884: checking for strings.h
configure:5884: gcc -c -march=native -O2 -pipe -fno-plt -fcommon -D_FORTIFY_SOURCE=2 conftest.c >&5
configure:5884: $? = 0
configure:5884: result: yes
configure:5884: checking for sys/stat.h
configure:5884: gcc -c -march=native -O2 -pipe -fno-plt -fcommon -D_FORTIFY_SOURCE=2 conftest.c >&5
configure:5884: $? = 0
configure:5884: result: yes
configure:5884: checking for sys/types.h
configure:5884: gcc -c -march=native -O2 -pipe -fno-plt -fcommon -D_FORTIFY_SOURCE=2 conftest.c >&5
configure:5884: $? = 0
configure:5884: result: yes
configure:5884: checking for unistd.h
configure:5884: gcc -c -march=native -O2 -pipe -fno-plt -fcommon -D_FORTIFY_SOURCE=2 conftest.c >&5
configure:5884: $? = 0
configure:5884: result: yes
configure:5884: checking for sys/select.h
configure:5884: gcc -c -march=native -O2 -pipe -fno-plt -fcommon -D_FORTIFY_SOURCE=2 conftest.c >&5
configure:5884: $? = 0
configure:5884: result: yes
configure:5884: checking for sys/socket.h
configure:5884: gcc -c -march=native -O2 -pipe -fno-plt -fcommon -D_FORTIFY_SOURCE=2 conftest.c >&5
configure:5884: $? = 0
configure:5884: result: yes
configure:5909: checking for dlfcn.h
configure:5909: gcc -c -march=native -O2 -pipe -fno-plt -fcommon -D_FORTIFY_SOURCE=2 conftest.c >&5
configure:5909: $? = 0
configure:5909: result: yes
configure:5985: checking for g++
configure:6006: found /usr/bin/g++
configure:6017: result: g++
configure:6044: checking for C++ compiler version
configure:6053: g++ --version >&5
g++ (GCC) 10.2.0
Copyright (C) 2020 Free Software Foundation, Inc.
This is free software; see the source for copying conditions.  There is NO
warranty; not even for MERCHANTABILITY or FITNESS FOR A PARTICULAR PURPOSE.

configure:6064: $? = 0
configure:6053: g++ -v >&5
Using built-in specs.
COLLECT_GCC=g++
COLLECT_LTO_WRAPPER=/usr/lib/gcc/x86_64-pc-linux-gnu/10.2.0/lto-wrapper
Target: x86_64-pc-linux-gnu
Configured with: /build/gcc/src/gcc/configure --prefix=/usr --libdir=/usr/lib --libexecdir=/usr/lib --mandir=/usr/share/man --infodir=/usr/share/info --with-bugurl=https://bugs.archlinux.org/ --enable-languages=c,c++,ada,fortran,go,lto,objc,obj-c++,d --with-isl --with-linker-hash-style=gnu --with-system-zlib --enable-__cxa_atexit --enable-cet=auto --enable-checking=release --enable-clocale=gnu --enable-default-pie --enable-default-ssp --enable-gnu-indirect-function --enable-gnu-unique-object --enable-install-libiberty --enable-linker-build-id --enable-lto --enable-multilib --enable-plugin --enable-shared --enable-threads=posix --disable-libssp --disable-libstdcxx-pch --disable-libunwind-exceptions --disable-werror gdc_include_dir=/usr/include/dlang/gdc
Thread model: posix
Supported LTO compression algorithms: zlib zstd
gcc version 10.2.0 (GCC) 
configure:6064: $? = 0
configure:6053: g++ -V >&5
g++: error: unrecognized command-line option '-V'
g++: fatal error: no input files
compilation terminated.
configure:6064: $? = 1
configure:6053: g++ -qversion >&5
g++: error: unrecognized command-line option '-qversion'; did you mean '--version'?
g++: fatal error: no input files
compilation terminated.
configure:6064: $? = 1
configure:6068: checking whether the compiler supports GNU C++
configure:6088: g++ -c -march=native -O2 -pipe -fno-plt -D_FORTIFY_SOURCE=2 conftest.cpp >&5
configure:6088: $? = 0
configure:6098: result: yes
configure:6109: checking whether g++ accepts -g
configure:6130: g++ -c -g -D_FORTIFY_SOURCE=2 conftest.cpp >&5
configure:6130: $? = 0
configure:6174: result: yes
configure:6194: checking for g++ option to enable C++11 features
configure:6209: g++  -c -march=native -O2 -pipe -fno-plt -D_FORTIFY_SOURCE=2 conftest.cpp >&5
configure:6209: $? = 0
configure:6227: result: none needed
configure:6293: checking dependency style of g++
configure:6385: result: gcc3
configure:6410: checking how to run the C++ preprocessor
configure:6432: g++ -E -D_FORTIFY_SOURCE=2 conftest.cpp
In file included from /usr/include/bits/libc-header-start.h:33,
                 from /usr/include/limits.h:26,
                 from /usr/lib/gcc/x86_64-pc-linux-gnu/10.2.0/include-fixed/limits.h:195,
                 from /usr/lib/gcc/x86_64-pc-linux-gnu/10.2.0/include-fixed/syslimits.h:7,
                 from /usr/lib/gcc/x86_64-pc-linux-gnu/10.2.0/include-fixed/limits.h:34,
                 from conftest.cpp:24:
/usr/include/features.h:397:4: warning: #warning _FORTIFY_SOURCE requires compiling with optimization (-O) [-Wcpp]
  397 | #  warning _FORTIFY_SOURCE requires compiling with optimization (-O)
      |    ^~~~~~~
configure:6432: $? = 0
configure:6447: g++ -E -D_FORTIFY_SOURCE=2 conftest.cpp
conftest.cpp:24:10: fatal error: ac_nonexistent.h: No such file or directory
   24 | #include <ac_nonexistent.h>
      |          ^~~~~~~~~~~~~~~~~~
compilation terminated.
configure:6447: $? = 1
configure: failed program was:
| /* confdefs.h */
| #define PACKAGE_NAME "g15daemon"
| #define PACKAGE_TARNAME "g15daemon"
| #define PACKAGE_VERSION "1.9.5.6"
| #define PACKAGE_STRING "g15daemon 1.9.5.6"
| #define PACKAGE_BUGREPORT "menelkir@itroll.org"
| #define PACKAGE_URL ""
| #define PACKAGE "g15daemon"
| #define VERSION "1.9.5.6"
| #define HAVE_STDIO_H 1
| #define HAVE_STDLIB_H 1
| #define HAVE_STRING_H 1
| #define HAVE_INTTYPES_H 1
| #define HAVE_STDINT_H 1
| #define HAVE_STRINGS_H 1
| #define HAVE_SYS_STAT_H 1
| #define HAVE_SYS_TYPES_H 1
| #define HAVE_UNISTD_H 1
| #define HAVE_SYS_SELECT_H 1
| #define HAVE_SYS_SOCKET_H 1
| #define STDC_HEADERS 1
| #define HAVE_DLFCN_H 1
| /* end confdefs.h.  */
| #include <ac_nonexistent.h>
configure:6474: result: g++ -E
configure:6488: g++ -E -D_FORTIFY_SOURCE=2 conftest.cpp
In file included from /usr/include/bits/libc-header-start.h:33,
                 from /usr/include/limits.h:26,
                 from /usr/lib/gcc/x86_64-pc-linux-gnu/10.2.0/include-fixed/limits.h:195,
                 from /usr/lib/gcc/x86_64-pc-linux-gnu/10.2.0/include-fixed/syslimits.h:7,
                 from /usr/lib/gcc/x86_64-pc-linux-gnu/10.2.0/include-fixed/limits.h:34,
                 from conftest.cpp:24:
/usr/include/features.h:397:4: warning: #warning _FORTIFY_SOURCE requires compiling with optimization (-O) [-Wcpp]
  397 | #  warning _FORTIFY_SOURCE requires compiling with optimization (-O)
      |    ^~~~~~~
configure:6488: $? = 0
configure:6503: g++ -E -D_FORTIFY_SOURCE=2 conftest.cpp
conftest.cpp:24:10: fatal error: ac_nonexistent.h: No such file or directory
   24 | #include <ac_nonexistent.h>
      |          ^~~~~~~~~~~~~~~~~~
compilation terminated.
configure:6503: $? = 1
configure: failed program was:
| /* confdefs.h */
| #define PACKAGE_NAME "g15daemon"
| #define PACKAGE_TARNAME "g15daemon"
| #define PACKAGE_VERSION "1.9.5.6"
| #define PACKAGE_STRING "g15daemon 1.9.5.6"
| #define PACKAGE_BUGREPORT "menelkir@itroll.org"
| #define PACKAGE_URL ""
| #define PACKAGE "g15daemon"
| #define VERSION "1.9.5.6"
| #define HAVE_STDIO_H 1
| #define HAVE_STDLIB_H 1
| #define HAVE_STRING_H 1
| #define HAVE_INTTYPES_H 1
| #define HAVE_STDINT_H 1
| #define HAVE_STRINGS_H 1
| #define HAVE_SYS_STAT_H 1
| #define HAVE_SYS_TYPES_H 1
| #define HAVE_UNISTD_H 1
| #define HAVE_SYS_SELECT_H 1
| #define HAVE_SYS_SOCKET_H 1
| #define STDC_HEADERS 1
| #define HAVE_DLFCN_H 1
| /* end confdefs.h.  */
| #include <ac_nonexistent.h>
configure:6594: checking for g77
configure:6629: result: no
configure:6594: checking for xlf
configure:6629: result: no
configure:6594: checking for f77
configure:6629: result: no
configure:6594: checking for frt
configure:6629: result: no
configure:6594: checking for pgf77
configure:6629: result: no
configure:6594: checking for cf77
configure:6629: result: no
configure:6594: checking for fort77
configure:6629: result: no
configure:6594: checking for fl32
configure:6629: result: no
configure:6594: checking for af77
configure:6629: result: no
configure:6594: checking for xlf90
configure:6629: result: no
configure:6594: checking for f90
configure:6629: result: no
configure:6594: checking for pgf90
configure:6629: result: no
configure:6594: checking for pghpf
configure:6629: result: no
configure:6594: checking for epcf90
configure:6629: result: no
configure:6594: checking for gfortran
configure:6629: result: no
configure:6594: checking for g95
configure:6629: result: no
configure:6594: checking for xlf95
configure:6629: result: no
configure:6594: checking for f95
configure:6629: result: no
configure:6594: checking for fort
configure:6629: result: no
configure:6594: checking for ifort
configure:6629: result: no
configure:6594: checking for ifc
configure:6629: result: no
configure:6594: checking for efc
configure:6629: result: no
configure:6594: checking for pgfortran
configure:6629: result: no
configure:6594: checking for pgf95
configure:6629: result: no
configure:6594: checking for lf95
configure:6629: result: no
configure:6594: checking for ftn
configure:6629: result: no
configure:6594: checking for nagfor
configure:6629: result: no
configure:6652: checking for Fortran 77 compiler version
configure:6661:  --version >&5
./configure: line 6663: --version: command not found
configure:6672: $? = 127
configure:6661:  -v >&5
./configure: line 6663: -v: command not found
configure:6672: $? = 127
configure:6661:  -V >&5
./configure: line 6663: -V: command not found
configure:6672: $? = 127
configure:6661:  -qversion >&5
./configure: line 6663: -qversion: command not found
configure:6672: $? = 127
configure:6681: checking whether the compiler supports GNU Fortran 77
configure:6695:  -c  conftest.F >&5
./configure: line 2011: -c: command not found
configure:6695: $? = 127
configure: failed program was:
|       program main
| #ifndef __GNUC__
|        choke me
| #endif
| 
|       end
configure:6705: result: no
configure:6713: checking whether  accepts -g
configure:6725:  -c -g conftest.f >&5
./configure: line 2011: -c: command not found
configure:6725: $? = 127
configure: failed program was:
|       program main
| 
|       end
configure:6734: result: no
configure:6768: checking the maximum length of command line arguments
configure:6881: result: 1572864
configure:6893: checking command to parse /usr/bin/nm -B output from gcc object
configure:6999: gcc -c -march=native -O2 -pipe -fno-plt -fcommon -D_FORTIFY_SOURCE=2 conftest.c >&5
configure:7002: $? = 0
configure:7006: /usr/bin/nm -B conftest.o \| sed -n -e 's/^.*[ 	]\([ABCDGIRSTW][ABCDGIRSTW]*\)[ 	][ 	]*\([_A-Za-z][_A-Za-z0-9]*\)$/\1 \2 \2/p' \> conftest.nm
configure:7009: $? = 0
configure:7061: gcc -o conftest -march=native -O2 -pipe -fno-plt -fcommon -D_FORTIFY_SOURCE=2 -Wl,-O1,--sort-common,--as-needed,-z,relro,-z,now conftest.c conftstm.o >&5
configure:7064: $? = 0
configure:7102: result: ok
configure:7106: checking for objdir
configure:7122: result: .libs
configure:7219: checking for ar
configure:7240: found /usr/bin/ar
configure:7251: result: ar
configure:7321: checking for ranlib
configure:7342: found /usr/bin/ranlib
configure:7353: result: ranlib
configure:7423: checking for strip
configure:7444: found /usr/bin/strip
configure:7455: result: strip
configure:7741: checking if gcc supports -fno-rtti -fno-exceptions
configure:7760: gcc -c -march=native -O2 -pipe -fno-plt -fcommon -D_FORTIFY_SOURCE=2 -fno-rtti -fno-exceptions conftest.c >&5
cc1: warning: command-line option '-fno-rtti' is valid for C++/D/ObjC++ but not for C
configure:7764: $? = 0
configure:7777: result: no
configure:7792: checking for gcc option to produce PIC
configure:8024: result: -fPIC
configure:8032: checking if gcc PIC flag -fPIC works
configure:8051: gcc -c -march=native -O2 -pipe -fno-plt -fcommon -D_FORTIFY_SOURCE=2 -fPIC -DPIC conftest.c >&5
configure:8055: $? = 0
configure:8068: result: yes
configure:8096: checking if gcc static flag -static works
configure:8125: result: yes
configure:8135: checking if gcc supports -c -o file.o
configure:8157: gcc -c -march=native -O2 -pipe -fno-plt -fcommon -D_FORTIFY_SOURCE=2 -o out/conftest2.o conftest.c >&5
configure:8161: $? = 0
configure:8183: result: yes
configure:8209: checking whether the gcc linker (/usr/bin/ld -m elf_x86_64) supports shared libraries
configure:9137: result: yes
configure:9158: checking whether -lc should be explicitly linked in
configure:9163: gcc -c -march=native -O2 -pipe -fno-plt -fcommon -D_FORTIFY_SOURCE=2 conftest.c >&5
configure:9166: $? = 0
configure:9181: gcc -shared conftest.o  -v -Wl,-soname -Wl,conftest -o conftest 2\>\&1 \| grep  -lc  \>/dev/null 2\>\&1
configure:9184: $? = 0
configure:9196: result: no
configure:9204: checking dynamic linker characteristics
configure:9619: gcc -c -march=native -O2 -pipe -fno-plt -fcommon -D_FORTIFY_SOURCE=2 conftest.c >&5
configure:9622: $? = 0
configure:9827: result: GNU/Linux ld.so
configure:9836: checking how to hardcode library paths into programs
configure:9861: result: immediate
configure:9875: checking whether stripping libraries is possible
configure:9880: result: yes
configure:9979: checking for shl_load
configure:9979: gcc -o conftest -march=native -O2 -pipe -fno-plt -fcommon -D_FORTIFY_SOURCE=2 -Wl,-O1,--sort-common,--as-needed,-z,relro,-z,now conftest.c  >&5
/usr/bin/ld: /tmp/ccDql0Qn.o: in function `main':
conftest.c:(.text.startup+0x8): undefined reference to `shl_load'
collect2: error: ld returned 1 exit status
configure:9979: $? = 1
configure: failed program was:
| /* confdefs.h */
| #define PACKAGE_NAME "g15daemon"
| #define PACKAGE_TARNAME "g15daemon"
| #define PACKAGE_VERSION "1.9.5.6"
| #define PACKAGE_STRING "g15daemon 1.9.5.6"
| #define PACKAGE_BUGREPORT "menelkir@itroll.org"
| #define PACKAGE_URL ""
| #define PACKAGE "g15daemon"
| #define VERSION "1.9.5.6"
| #define HAVE_STDIO_H 1
| #define HAVE_STDLIB_H 1
| #define HAVE_STRING_H 1
| #define HAVE_INTTYPES_H 1
| #define HAVE_STDINT_H 1
| #define HAVE_STRINGS_H 1
| #define HAVE_SYS_STAT_H 1
| #define HAVE_SYS_TYPES_H 1
| #define HAVE_UNISTD_H 1
| #define HAVE_SYS_SELECT_H 1
| #define HAVE_SYS_SOCKET_H 1
| #define STDC_HEADERS 1
| #define HAVE_DLFCN_H 1
| /* end confdefs.h.  */
| /* Define shl_load to an innocuous variant, in case <limits.h> declares shl_load.
|    For example, HP-UX 11i <limits.h> declares gettimeofday.  */
| #define shl_load innocuous_shl_load
| 
| /* System header to define __stub macros and hopefully few prototypes,
|    which can conflict with char shl_load (); below.  */
| 
| #include <limits.h>
| #undef shl_load
| 
| /* Override any GCC internal prototype to avoid an error.
|    Use char because int might match the return type of a GCC
|    builtin and then its argument prototype would still apply.  */
| #ifdef __cplusplus
| extern "C"
| #endif
| char shl_load ();
| /* The GNU C library defines this for functions which it implements
|     to always fail with ENOSYS.  Some functions are actually named
|     something starting with __ and the normal name is an alias.  */
| #if defined __stub_shl_load || defined __stub___shl_load
| choke me
| #endif
| 
| int
| main (void)
| {
| return shl_load ();
|   ;
|   return 0;
| }
configure:9979: result: no
configure:9984: checking for shl_load in -ldld
configure:10007: gcc -o conftest -march=native -O2 -pipe -fno-plt -fcommon -D_FORTIFY_SOURCE=2 -Wl,-O1,--sort-common,--as-needed,-z,relro,-z,now conftest.c -ldld   >&5
/usr/bin/ld: cannot find -ldld
collect2: error: ld returned 1 exit status
configure:10007: $? = 1
configure: failed program was:
| /* confdefs.h */
| #define PACKAGE_NAME "g15daemon"
| #define PACKAGE_TARNAME "g15daemon"
| #define PACKAGE_VERSION "1.9.5.6"
| #define PACKAGE_STRING "g15daemon 1.9.5.6"
| #define PACKAGE_BUGREPORT "menelkir@itroll.org"
| #define PACKAGE_URL ""
| #define PACKAGE "g15daemon"
| #define VERSION "1.9.5.6"
| #define HAVE_STDIO_H 1
| #define HAVE_STDLIB_H 1
| #define HAVE_STRING_H 1
| #define HAVE_INTTYPES_H 1
| #define HAVE_STDINT_H 1
| #define HAVE_STRINGS_H 1
| #define HAVE_SYS_STAT_H 1
| #define HAVE_SYS_TYPES_H 1
| #define HAVE_UNISTD_H 1
| #define HAVE_SYS_SELECT_H 1
| #define HAVE_SYS_SOCKET_H 1
| #define STDC_HEADERS 1
| #define HAVE_DLFCN_H 1
| /* end confdefs.h.  */
| 
| /* Override any GCC internal prototype to avoid an error.
|    Use char because int might match the return type of a GCC
|    builtin and then its argument prototype would still apply.  */
| char shl_load ();
| int
| main (void)
| {
| return shl_load ();
|   ;
|   return 0;
| }
configure:10017: result: no
configure:10023: checking for dlopen
configure:10023: gcc -o conftest -march=native -O2 -pipe -fno-plt -fcommon -D_FORTIFY_SOURCE=2 -Wl,-O1,--sort-common,--as-needed,-z,relro,-z,now conftest.c  >&5
/usr/bin/ld: /tmp/cctvgDTq.o: in function `main':
conftest.c:(.text.startup+0x8): undefined reference to `dlopen'
collect2: error: ld returned 1 exit status
configure:10023: $? = 1
configure: failed program was:
| /* confdefs.h */
| #define PACKAGE_NAME "g15daemon"
| #define PACKAGE_TARNAME "g15daemon"
| #define PACKAGE_VERSION "1.9.5.6"
| #define PACKAGE_STRING "g15daemon 1.9.5.6"
| #define PACKAGE_BUGREPORT "menelkir@itroll.org"
| #define PACKAGE_URL ""
| #define PACKAGE "g15daemon"
| #define VERSION "1.9.5.6"
| #define HAVE_STDIO_H 1
| #define HAVE_STDLIB_H 1
| #define HAVE_STRING_H 1
| #define HAVE_INTTYPES_H 1
| #define HAVE_STDINT_H 1
| #define HAVE_STRINGS_H 1
| #define HAVE_SYS_STAT_H 1
| #define HAVE_SYS_TYPES_H 1
| #define HAVE_UNISTD_H 1
| #define HAVE_SYS_SELECT_H 1
| #define HAVE_SYS_SOCKET_H 1
| #define STDC_HEADERS 1
| #define HAVE_DLFCN_H 1
| /* end confdefs.h.  */
| /* Define dlopen to an innocuous variant, in case <limits.h> declares dlopen.
|    For example, HP-UX 11i <limits.h> declares gettimeofday.  */
| #define dlopen innocuous_dlopen
| 
| /* System header to define __stub macros and hopefully few prototypes,
|    which can conflict with char dlopen (); below.  */
| 
| #include <limits.h>
| #undef dlopen
| 
| /* Override any GCC internal prototype to avoid an error.
|    Use char because int might match the return type of a GCC
|    builtin and then its argument prototype would still apply.  */
| #ifdef __cplusplus
| extern "C"
| #endif
| char dlopen ();
| /* The GNU C library defines this for functions which it implements
|     to always fail with ENOSYS.  Some functions are actually named
|     something starting with __ and the normal name is an alias.  */
| #if defined __stub_dlopen || defined __stub___dlopen
| choke me
| #endif
| 
| int
| main (void)
| {
| return dlopen ();
|   ;
|   return 0;
| }
configure:10023: result: no
configure:10028: checking for dlopen in -ldl
configure:10051: gcc -o conftest -march=native -O2 -pipe -fno-plt -fcommon -D_FORTIFY_SOURCE=2 -Wl,-O1,--sort-common,--as-needed,-z,relro,-z,now conftest.c -ldl   >&5
configure:10051: $? = 0
configure:10061: result: yes
configure:10181: checking whether a program can dlopen itself
configure:10256: gcc -o conftest -march=native -O2 -pipe -fno-plt -fcommon -D_FORTIFY_SOURCE=2 -DHAVE_DLFCN_H -Wl,-O1,--sort-common,--as-needed,-z,relro,-z,now -Wl,--export-dynamic conftest.c -ldl  >&5
configure: In function 'main':
configure:10252:5: warning: implicit declaration of function 'exit' [-Wimplicit-function-declaration]
10252 | 
      |     ^   
configure:10252:5: warning: incompatible implicit declaration of built-in function 'exit'
configure:10200:1: note: include '<stdlib.h>' or provide a declaration of 'exit'
10199 | 
  +++ |+#include <stdlib.h>
10200 | #include <stdio.h>
configure:10259: $? = 0
configure:10277: result: yes
configure:10282: checking whether a statically linked program can dlopen itself
configure:10357: gcc -o conftest -march=native -O2 -pipe -fno-plt -fcommon -D_FORTIFY_SOURCE=2 -DHAVE_DLFCN_H -Wl,-O1,--sort-common,--as-needed,-z,relro,-z,now -Wl,--export-dynamic -static conftest.c -ldl  >&5
configure: In function 'main':
configure:10353:5: warning: implicit declaration of function 'exit' [-Wimplicit-function-declaration]
10353 | 
      |     ^   
configure:10353:5: warning: incompatible implicit declaration of built-in function 'exit'
configure:10301:1: note: include '<stdlib.h>' or provide a declaration of 'exit'
10300 | 
  +++ |+#include <stdlib.h>
10301 | #include <stdio.h>
/usr/bin/ld: /tmp/cczgDLLl.o: in function `main':
conftest.c:(.text.startup+0xa): warning: Using 'dlopen' in statically linked applications requires at runtime the shared libraries from the glibc version used for linking
configure:10360: $? = 0
configure:10378: result: no
configure:10401: checking if libtool supports shared libraries
configure:10403: result: yes
configure:10406: checking whether to build shared libraries
configure:10427: result: yes
configure:10430: checking whether to build static libraries
configure:10434: result: no
configure:10527: creating libtool
configure:11116: checking for ld used by g++
configure:11184: result: /usr/bin/ld -m elf_x86_64
configure:11191: checking if the linker (/usr/bin/ld -m elf_x86_64) is GNU ld
configure:11207: result: yes
configure:11258: checking whether the g++ linker (/usr/bin/ld -m elf_x86_64) supports shared libraries
configure:12180: result: yes
configure:12198: g++ -c -march=native -O2 -pipe -fno-plt -D_FORTIFY_SOURCE=2 conftest.cpp >&5
configure:12201: $? = 0
configure:12353: checking for g++ option to produce PIC
configure:12637: result: -fPIC
configure:12645: checking if g++ PIC flag -fPIC works
configure:12664: g++ -c -march=native -O2 -pipe -fno-plt -D_FORTIFY_SOURCE=2 -fPIC -DPIC conftest.cpp >&5
configure:12668: $? = 0
configure:12681: result: yes
configure:12709: checking if g++ static flag -static works
configure:12738: result: yes
configure:12748: checking if g++ supports -c -o file.o
configure:12770: g++ -c -march=native -O2 -pipe -fno-plt -D_FORTIFY_SOURCE=2 -o out/conftest2.o conftest.cpp >&5
configure:12774: $? = 0
configure:12796: result: yes
configure:12822: checking whether the g++ linker (/usr/bin/ld -m elf_x86_64) supports shared libraries
configure:12847: result: yes
configure:12914: checking dynamic linker characteristics
configure:13277: g++ -c -march=native -O2 -pipe -fno-plt -D_FORTIFY_SOURCE=2 conftest.cpp >&5
configure:13280: $? = 0
configure:13485: result: GNU/Linux ld.so
configure:13494: checking how to hardcode library paths into programs
configure:13519: result: immediate
configure:19654: checking for initLibG15 in -lg15
configure:19677: gcc -o conftest -march=native -O2 -pipe -fno-plt -fcommon -D_FORTIFY_SOURCE=2 -Wl,-O1,--sort-common,--as-needed,-z,relro,-z,now conftest.c -lg15   >&5
configure:19677: $? = 0
configure:19687: result: yes
configure:19699: checking for g15r_loadWbmpSplash in -lg15render
configure:19722: gcc -o conftest -march=native -O2 -pipe -fno-plt -fcommon -D_FORTIFY_SOURCE=2 -Wl,-O1,--sort-common,--as-needed,-z,relro,-z,now conftest.c -lg15render  -lg15  >&5
configure:19722: $? = 0
configure:19732: result: yes
configure:19744: checking for sin in -lm
configure:19767: gcc -o conftest -march=native -O2 -pipe -fno-plt -fcommon -D_FORTIFY_SOURCE=2 -Wl,-O1,--sort-common,--as-needed,-z,relro,-z,now conftest.c -lm  -lg15render -lg15  >&5
conftest.c:30:6: warning: conflicting types for built-in function 'sin'; expected 'double(double)' [-Wbuiltin-declaration-mismatch]
   30 | char sin ();
      |      ^~~
conftest.c:1:1: note: 'sin' is declared in header '<math.h>'
    1 | /* confdefs.h */
configure:19767: $? = 0
configure:19777: result: yes
configure:19787: checking for pthread_mutex_init in -lpthread
configure:19810: gcc -o conftest -march=native -O2 -pipe -fno-plt -fcommon -D_FORTIFY_SOURCE=2 -Wl,-O1,--sort-common,--as-needed,-z,relro,-z,now conftest.c -lpthread  -lm -lg15render -lg15  >&5
configure:19810: $? = 0
configure:19820: result: yes
configure:19831: checking for daemon
configure:19831: gcc -o conftest -march=native -O2 -pipe -fno-plt -fcommon -D_FORTIFY_SOURCE=2 -Wl,-O1,--sort-common,--as-needed,-z,relro,-z,now conftest.c -lpthread -lm -lg15render -lg15  >&5
configure:19831: $? = 0
configure:19831: result: yes
configure:19841: checking for an ANSI C-conforming const
configure:19908: gcc -c -march=native -O2 -pipe -fno-plt -fcommon -D_FORTIFY_SOURCE=2 conftest.c >&5
configure:19908: $? = 0
configure:19916: result: yes
configure:19925: checking for pid_t
configure:19925: gcc -c -march=native -O2 -pipe -fno-plt -fcommon -D_FORTIFY_SOURCE=2 conftest.c >&5
configure:19925: $? = 0
configure:19925: gcc -c -march=native -O2 -pipe -fno-plt -fcommon -D_FORTIFY_SOURCE=2 conftest.c >&5
conftest.c: In function 'main':
conftest.c:61:20: error: expected expression before ')' token
   61 | if (sizeof ((pid_t)))
      |                    ^
configure:19925: $? = 1
configure: failed program was:
| /* confdefs.h */
| #define PACKAGE_NAME "g15daemon"
| #define PACKAGE_TARNAME "g15daemon"
| #define PACKAGE_VERSION "1.9.5.6"
| #define PACKAGE_STRING "g15daemon 1.9.5.6"
| #define PACKAGE_BUGREPORT "menelkir@itroll.org"
| #define PACKAGE_URL ""
| #define PACKAGE "g15daemon"
| #define VERSION "1.9.5.6"
| #define HAVE_STDIO_H 1
| #define HAVE_STDLIB_H 1
| #define HAVE_STRING_H 1
| #define HAVE_INTTYPES_H 1
| #define HAVE_STDINT_H 1
| #define HAVE_STRINGS_H 1
| #define HAVE_SYS_STAT_H 1
| #define HAVE_SYS_TYPES_H 1
| #define HAVE_UNISTD_H 1
| #define HAVE_SYS_SELECT_H 1
| #define HAVE_SYS_SOCKET_H 1
| #define STDC_HEADERS 1
| #define HAVE_DLFCN_H 1
| #define HAVE_LIBG15 1
| #define HAVE_LIBG15RENDER 1
| #define HAVE_LIBM 1
| #define HAVE_LIBPTHREAD 1
| #define HAVE_DAEMON 1
| /* end confdefs.h.  */
| #include <stddef.h>
| #ifdef HAVE_STDIO_H
| # include <stdio.h>
| #endif
| #ifdef HAVE_STDLIB_H
| # include <stdlib.h>
| #endif
| #ifdef HAVE_STRING_H
| # include <string.h>
| #endif
| #ifdef HAVE_INTTYPES_H
| # include <inttypes.h>
| #endif
| #ifdef HAVE_STDINT_H
| # include <stdint.h>
| #endif
| #ifdef HAVE_STRINGS_H
| # include <strings.h>
| #endif
| #ifdef HAVE_SYS_TYPES_H
| # include <sys/types.h>
| #endif
| #ifdef HAVE_SYS_STAT_H
| # include <sys/stat.h>
| #endif
| #ifdef HAVE_UNISTD_H
| # include <unistd.h>
| #endif
| 
| int
| main (void)
| {
| if (sizeof ((pid_t)))
| 	    return 0;
|   ;
|   return 0;
| }
configure:19925: result: yes
configure:19961: checking for size_t
configure:19961: gcc -c -march=native -O2 -pipe -fno-plt -fcommon -D_FORTIFY_SOURCE=2 conftest.c >&5
configure:19961: $? = 0
configure:19961: gcc -c -march=native -O2 -pipe -fno-plt -fcommon -D_FORTIFY_SOURCE=2 conftest.c >&5
conftest.c: In function 'main':
conftest.c:60:21: error: expected expression before ')' token
   60 | if (sizeof ((size_t)))
      |                     ^
configure:19961: $? = 1
configure: failed program was:
| /* confdefs.h */
| #define PACKAGE_NAME "g15daemon"
| #define PACKAGE_TARNAME "g15daemon"
| #define PACKAGE_VERSION "1.9.5.6"
| #define PACKAGE_STRING "g15daemon 1.9.5.6"
| #define PACKAGE_BUGREPORT "menelkir@itroll.org"
| #define PACKAGE_URL ""
| #define PACKAGE "g15daemon"
| #define VERSION "1.9.5.6"
| #define HAVE_STDIO_H 1
| #define HAVE_STDLIB_H 1
| #define HAVE_STRING_H 1
| #define HAVE_INTTYPES_H 1
| #define HAVE_STDINT_H 1
| #define HAVE_STRINGS_H 1
| #define HAVE_SYS_STAT_H 1
| #define HAVE_SYS_TYPES_H 1
| #define HAVE_UNISTD_H 1
| #define HAVE_SYS_SELECT_H 1
| #define HAVE_SYS_SOCKET_H 1
| #define STDC_HEADERS 1
| #define HAVE_DLFCN_H 1
| #define HAVE_LIBG15 1
| #define HAVE_LIBG15RENDER 1
| #define HAVE_LIBM 1
| #define HAVE_LIBPTHREAD 1
| #define HAVE_DAEMON 1
| /* end confdefs.h.  */
| #include <stddef.h>
| #ifdef HAVE_STDIO_H
| # include <stdio.h>
| #endif
| #ifdef HAVE_STDLIB_H
| # include <stdlib.h>
| #endif
| #ifdef HAVE_STRING_H
| # include <string.h>
| #endif
| #ifdef HAVE_INTTYPES_H
| # include <inttypes.h>
| #endif
| #ifdef HAVE_STDINT_H
| # include <stdint.h>
| #endif
| #ifdef HAVE_STRINGS_H
| # include <strings.h>
| #endif
| #ifdef HAVE_SYS_TYPES_H
| # include <sys/types.h>
| #endif
| #ifdef HAVE_SYS_STAT_H
| # include <sys/stat.h>
| #endif
| #ifdef HAVE_UNISTD_H
| # include <unistd.h>
| #endif
| int
| main (void)
| {
| if (sizeof ((size_t)))
| 	    return 0;
|   ;
|   return 0;
| }
configure:19961: result: yes
configure:19978: checking how to run the C preprocessor
configure:20004: gcc -E -D_FORTIFY_SOURCE=2 conftest.c
In file included from /usr/include/bits/libc-header-start.h:33,
                 from /usr/include/limits.h:26,
                 from /usr/lib/gcc/x86_64-pc-linux-gnu/10.2.0/include-fixed/limits.h:195,
                 from /usr/lib/gcc/x86_64-pc-linux-gnu/10.2.0/include-fixed/syslimits.h:7,
                 from /usr/lib/gcc/x86_64-pc-linux-gnu/10.2.0/include-fixed/limits.h:34,
                 from conftest.c:29:
/usr/include/features.h:397:4: warning: #warning _FORTIFY_SOURCE requires compiling with optimization (-O) [-Wcpp]
  397 | #  warning _FORTIFY_SOURCE requires compiling with optimization (-O)
      |    ^~~~~~~
configure:20004: $? = 0
configure:20019: gcc -E -D_FORTIFY_SOURCE=2 conftest.c
conftest.c:29:10: fatal error: ac_nonexistent.h: No such file or directory
   29 | #include <ac_nonexistent.h>
      |          ^~~~~~~~~~~~~~~~~~
compilation terminated.
configure:20019: $? = 1
configure: failed program was:
| /* confdefs.h */
| #define PACKAGE_NAME "g15daemon"
| #define PACKAGE_TARNAME "g15daemon"
| #define PACKAGE_VERSION "1.9.5.6"
| #define PACKAGE_STRING "g15daemon 1.9.5.6"
| #define PACKAGE_BUGREPORT "menelkir@itroll.org"
| #define PACKAGE_URL ""
| #define PACKAGE "g15daemon"
| #define VERSION "1.9.5.6"
| #define HAVE_STDIO_H 1
| #define HAVE_STDLIB_H 1
| #define HAVE_STRING_H 1
| #define HAVE_INTTYPES_H 1
| #define HAVE_STDINT_H 1
| #define HAVE_STRINGS_H 1
| #define HAVE_SYS_STAT_H 1
| #define HAVE_SYS_TYPES_H 1
| #define HAVE_UNISTD_H 1
| #define HAVE_SYS_SELECT_H 1
| #define HAVE_SYS_SOCKET_H 1
| #define STDC_HEADERS 1
| #define HAVE_DLFCN_H 1
| #define HAVE_LIBG15 1
| #define HAVE_LIBG15RENDER 1
| #define HAVE_LIBM 1
| #define HAVE_LIBPTHREAD 1
| #define HAVE_DAEMON 1
| /* end confdefs.h.  */
| #include <ac_nonexistent.h>
configure:20046: result: gcc -E
configure:20060: gcc -E -D_FORTIFY_SOURCE=2 conftest.c
In file included from /usr/include/bits/libc-header-start.h:33,
                 from /usr/include/limits.h:26,
                 from /usr/lib/gcc/x86_64-pc-linux-gnu/10.2.0/include-fixed/limits.h:195,
                 from /usr/lib/gcc/x86_64-pc-linux-gnu/10.2.0/include-fixed/syslimits.h:7,
                 from /usr/lib/gcc/x86_64-pc-linux-gnu/10.2.0/include-fixed/limits.h:34,
                 from conftest.c:29:
/usr/include/features.h:397:4: warning: #warning _FORTIFY_SOURCE requires compiling with optimization (-O) [-Wcpp]
  397 | #  warning _FORTIFY_SOURCE requires compiling with optimization (-O)
      |    ^~~~~~~
configure:20060: $? = 0
configure:20075: gcc -E -D_FORTIFY_SOURCE=2 conftest.c
conftest.c:29:10: fatal error: ac_nonexistent.h: No such file or directory
   29 | #include <ac_nonexistent.h>
      |          ^~~~~~~~~~~~~~~~~~
compilation terminated.
configure:20075: $? = 1
configure: failed program was:
| /* confdefs.h */
| #define PACKAGE_NAME "g15daemon"
| #define PACKAGE_TARNAME "g15daemon"
| #define PACKAGE_VERSION "1.9.5.6"
| #define PACKAGE_STRING "g15daemon 1.9.5.6"
| #define PACKAGE_BUGREPORT "menelkir@itroll.org"
| #define PACKAGE_URL ""
| #define PACKAGE "g15daemon"
| #define VERSION "1.9.5.6"
| #define HAVE_STDIO_H 1
| #define HAVE_STDLIB_H 1
| #define HAVE_STRING_H 1
| #define HAVE_INTTYPES_H 1
| #define HAVE_STDINT_H 1
| #define HAVE_STRINGS_H 1
| #define HAVE_SYS_STAT_H 1
| #define HAVE_SYS_TYPES_H 1
| #define HAVE_UNISTD_H 1
| #define HAVE_SYS_SELECT_H 1
| #define HAVE_SYS_SOCKET_H 1
| #define STDC_HEADERS 1
| #define HAVE_DLFCN_H 1
| #define HAVE_LIBG15 1
| #define HAVE_LIBG15RENDER 1
| #define HAVE_LIBM 1
| #define HAVE_LIBPTHREAD 1
| #define HAVE_DAEMON 1
| /* end confdefs.h.  */
| #include <ac_nonexistent.h>
configure:20107: checking whether gcc needs -traditional
In file included from /usr/include/sgtty.h:21,
                 from conftest.c:29:
/usr/include/features.h:397:4: warning: #warning _FORTIFY_SOURCE requires compiling with optimization (-O) [-Wcpp]
  397 | #  warning _FORTIFY_SOURCE requires compiling with optimization (-O)
      |    ^~~~~~~
In file included from /usr/include/termios.h:25,
                 from /usr/include/termio.h:5,
                 from conftest.c:29:
/usr/include/features.h:397:4: warning: #warning _FORTIFY_SOURCE requires compiling with optimization (-O) [-Wcpp]
  397 | #  warning _FORTIFY_SOURCE requires compiling with optimization (-O)
      |    ^~~~~~~
configure:20144: result: no
configure:20154: checking types of arguments for select
configure:20184: gcc -c -march=native -O2 -pipe -fno-plt -fcommon -D_FORTIFY_SOURCE=2 conftest.c >&5
configure:20184: $? = 0
configure:20194: result: int,fd_set *,struct timeval *
configure:20214: checking for strftime
configure:20214: gcc -o conftest -march=native -O2 -pipe -fno-plt -fcommon -D_FORTIFY_SOURCE=2 -Wl,-O1,--sort-common,--as-needed,-z,relro,-z,now conftest.c -lpthread -lm -lg15render -lg15  >&5
conftest.c:48:6: warning: conflicting types for built-in function 'strftime'; expected 'long unsigned int(char *, long unsigned int,  const char *, const void *)' [-Wbuiltin-declaration-mismatch]
   48 | char strftime ();
      |      ^~~~~~~~
conftest.c:40:1: note: 'strftime' is declared in header '<time.h>'
   39 | #include <limits.h>
   40 | #undef strftime
configure:20214: $? = 0
configure:20214: result: yes
configure:20266: checking for memset
configure:20266: gcc -o conftest -march=native -O2 -pipe -fno-plt -fcommon -D_FORTIFY_SOURCE=2 -Wl,-O1,--sort-common,--as-needed,-z,relro,-z,now conftest.c -lpthread -lm -lg15render -lg15  >&5
conftest.c:49:6: warning: conflicting types for built-in function 'memset'; expected 'void *(void *, int,  long unsigned int)' [-Wbuiltin-declaration-mismatch]
   49 | char memset ();
      |      ^~~~~~
conftest.c:41:1: note: 'memset' is declared in header '<string.h>'
   40 | #include <limits.h>
   41 | #undef memset
configure:20266: $? = 0
configure:20266: result: yes
configure:20272: checking for select
configure:20272: gcc -o conftest -march=native -O2 -pipe -fno-plt -fcommon -D_FORTIFY_SOURCE=2 -Wl,-O1,--sort-common,--as-needed,-z,relro,-z,now conftest.c -lpthread -lm -lg15render -lg15  >&5
configure:20272: $? = 0
configure:20272: result: yes
configure:20278: checking for socket
configure:20278: gcc -o conftest -march=native -O2 -pipe -fno-plt -fcommon -D_FORTIFY_SOURCE=2 -Wl,-O1,--sort-common,--as-needed,-z,relro,-z,now conftest.c -lpthread -lm -lg15render -lg15  >&5
configure:20278: $? = 0
configure:20278: result: yes
configure:20284: checking for strerror
configure:20284: gcc -o conftest -march=native -O2 -pipe -fno-plt -fcommon -D_FORTIFY_SOURCE=2 -Wl,-O1,--sort-common,--as-needed,-z,relro,-z,now conftest.c -lpthread -lm -lg15render -lg15  >&5
configure:20284: $? = 0
configure:20284: result: yes
configure:20290: checking for backtrace
configure:20290: gcc -o conftest -march=native -O2 -pipe -fno-plt -fcommon -D_FORTIFY_SOURCE=2 -Wl,-O1,--sort-common,--as-needed,-z,relro,-z,now conftest.c -lpthread -lm -lg15render -lg15  >&5
configure:20290: $? = 0
configure:20290: result: yes
configure:20296: checking for backtrace_symbols
configure:20296: gcc -o conftest -march=native -O2 -pipe -fno-plt -fcommon -D_FORTIFY_SOURCE=2 -Wl,-O1,--sort-common,--as-needed,-z,relro,-z,now conftest.c -lpthread -lm -lg15render -lg15  >&5
configure:20296: $? = 0
configure:20296: result: yes
configure:20308: checking for egrep
configure:20376: result: /usr/bin/grep -E
configure:20382: checking for sys/wait.h that is POSIX.1 compatible
configure:20409: gcc -c -march=native -O2 -pipe -fno-plt -fcommon -D_FORTIFY_SOURCE=2 conftest.c >&5
configure:20409: $? = 0
configure:20417: result: yes
configure:20425: checking for linux/input.h
configure:20425: gcc -c -march=native -O2 -pipe -fno-plt -fcommon -D_FORTIFY_SOURCE=2 conftest.c >&5
configure:20425: $? = 0
configure:20425: result: yes
configure:20432: checking for execinfo.h
configure:20432: gcc -c -march=native -O2 -pipe -fno-plt -fcommon -D_FORTIFY_SOURCE=2 conftest.c >&5
configure:20432: $? = 0
configure:20432: result: yes
configure:20441: checking for linux/uinput.h
configure:20441: gcc -c -march=native -O2 -pipe -fno-plt -fcommon -D_FORTIFY_SOURCE=2 conftest.c >&5
configure:20441: $? = 0
configure:20441: result: yes
configure:20451: checking for arpa/inet.h
configure:20451: gcc -c -march=native -O2 -pipe -fno-plt -fcommon -D_FORTIFY_SOURCE=2 conftest.c >&5
configure:20451: $? = 0
configure:20451: result: yes
configure:20461: checking for fcntl.h
configure:20461: gcc -c -march=native -O2 -pipe -fno-plt -fcommon -D_FORTIFY_SOURCE=2 conftest.c >&5
configure:20461: $? = 0
configure:20461: result: yes
configure:20471: checking for stdlib.h
configure:20471: result: yes
configure:20481: checking for string.h
configure:20481: result: yes
configure:20491: checking for sys/socket.h
configure:20491: result: yes
configure:20501: checking for unistd.h
configure:20501: result: yes
configure:20511: checking for libg15.h
configure:20511: gcc -c -march=native -O2 -pipe -fno-plt -fcommon -D_FORTIFY_SOURCE=2 conftest.c >&5
configure:20511: $? = 0
configure:20511: result: yes
configure:20533: checking for struct uinput_user_dev.id
configure:20533: gcc -c -march=native -O2 -pipe -fno-plt -fcommon -D_FORTIFY_SOURCE=2 conftest.c >&5
conftest.c: In function 'main':
conftest.c:60:5: error: used struct type value where scalar is required
   60 | if (ac_aggr.id)
      |     ^~~~~~~
configure:20533: $? = 1
configure: failed program was:
| /* confdefs.h */
| #define PACKAGE_NAME "g15daemon"
| #define PACKAGE_TARNAME "g15daemon"
| #define PACKAGE_VERSION "1.9.5.6"
| #define PACKAGE_STRING "g15daemon 1.9.5.6"
| #define PACKAGE_BUGREPORT "menelkir@itroll.org"
| #define PACKAGE_URL ""
| #define PACKAGE "g15daemon"
| #define VERSION "1.9.5.6"
| #define HAVE_STDIO_H 1
| #define HAVE_STDLIB_H 1
| #define HAVE_STRING_H 1
| #define HAVE_INTTYPES_H 1
| #define HAVE_STDINT_H 1
| #define HAVE_STRINGS_H 1
| #define HAVE_SYS_STAT_H 1
| #define HAVE_SYS_TYPES_H 1
| #define HAVE_UNISTD_H 1
| #define HAVE_SYS_SELECT_H 1
| #define HAVE_SYS_SOCKET_H 1
| #define STDC_HEADERS 1
| #define HAVE_DLFCN_H 1
| #define HAVE_LIBG15 1
| #define HAVE_LIBG15RENDER 1
| #define HAVE_LIBM 1
| #define HAVE_LIBPTHREAD 1
| #define HAVE_DAEMON 1
| #define SELECT_TYPE_ARG1 int
| #define SELECT_TYPE_ARG234 (fd_set *)
| #define SELECT_TYPE_ARG5 (struct timeval *)
| #define HAVE_STRFTIME 1
| #define HAVE_MEMSET 1
| #define HAVE_SELECT 1
| #define HAVE_SOCKET 1
| #define HAVE_STRERROR 1
| #define HAVE_BACKTRACE 1
| #define HAVE_BACKTRACE_SYMBOLS 1
| #define HAVE_SYS_WAIT_H 1
| #define HAVE_LINUX_INPUT_H 1
| #define HAVE_EXECINFO_H 1
| #define HAVE_LINUX_UINPUT_H 1
| #define HAVE_ARPA_INET_H 1
| #define HAVE_FCNTL_H 1
| #define HAVE_STDLIB_H 1
| #define HAVE_STRING_H 1
| #define HAVE_SYS_SOCKET_H 1
| #define HAVE_UNISTD_H 1
| #define HAVE_LIBG15_H 1
| /* end confdefs.h.  */
| 
| 			#include <linux/input.h>
| 			#include <linux/uinput.h>
| 
| 
| 
| int
| main (void)
| {
| static struct uinput_user_dev ac_aggr;
| if (ac_aggr.id)
| return 0;
|   ;
|   return 0;
| }
configure:20533: gcc -c -march=native -O2 -pipe -fno-plt -fcommon -D_FORTIFY_SOURCE=2 conftest.c >&5
configure:20533: $? = 0
configure:20533: result: yes
configure:20547: Necessary includes exist: Compiling Uinput Plugin
configure:20566: OS is Linux, using uinput if available
configure:21010: creating ./config.status

## ---------------- ##
## Cache variables. ##
## ---------------- ##

ac_cv_build=x86_64-unknown-linux-gnu
ac_cv_c_compiler_gnu=yes
ac_cv_c_const=yes
ac_cv_cxx_compiler_gnu=yes
ac_cv_env_CCC_set=
ac_cv_env_CCC_value=
ac_cv_env_CC_set=
ac_cv_env_CC_value=
ac_cv_env_CFLAGS_set=set
ac_cv_env_CFLAGS_value='-march=native -O2 -pipe -fno-plt -fcommon'
ac_cv_env_CPPFLAGS_set=set
ac_cv_env_CPPFLAGS_value=-D_FORTIFY_SOURCE=2
ac_cv_env_CPP_set=
ac_cv_env_CPP_value=
ac_cv_env_CXXCPP_set=
ac_cv_env_CXXCPP_value=
ac_cv_env_CXXFLAGS_set=set
ac_cv_env_CXXFLAGS_value='-march=native -O2 -pipe -fno-plt'
ac_cv_env_CXX_set=
ac_cv_env_CXX_value=
ac_cv_env_F77_set=
ac_cv_env_F77_value=
ac_cv_env_FFLAGS_set=
ac_cv_env_FFLAGS_value=
ac_cv_env_LDFLAGS_set=set
ac_cv_env_LDFLAGS_value=-Wl,-O1,--sort-common,--as-needed,-z,relro,-z,now
ac_cv_env_LIBS_set=
ac_cv_env_LIBS_value=
ac_cv_env_build_alias_set=
ac_cv_env_build_alias_value=
ac_cv_env_host_alias_set=
ac_cv_env_host_alias_value=
ac_cv_env_target_alias_set=
ac_cv_env_target_alias_value=
ac_cv_f77_compiler_gnu=no
ac_cv_func_backtrace=yes
ac_cv_func_backtrace_symbols=yes
ac_cv_func_daemon=yes
ac_cv_func_dlopen=no
ac_cv_func_memset=yes
ac_cv_func_select=yes
ac_cv_func_select_args='int,fd_set *,struct timeval *'
ac_cv_func_shl_load=no
ac_cv_func_socket=yes
ac_cv_func_strerror=yes
ac_cv_func_strftime=yes
ac_cv_header_arpa_inet_h=yes
ac_cv_header_dlfcn_h=yes
ac_cv_header_execinfo_h=yes
ac_cv_header_fcntl_h=yes
ac_cv_header_inttypes_h=yes
ac_cv_header_libg15_h=yes
ac_cv_header_linux_input_h=yes
ac_cv_header_linux_uinput_h=yes
ac_cv_header_stdint_h=yes
ac_cv_header_stdio_h=yes
ac_cv_header_stdlib_h=yes
ac_cv_header_string_h=yes
ac_cv_header_strings_h=yes
ac_cv_header_sys_select_h=yes
ac_cv_header_sys_socket_h=yes
ac_cv_header_sys_stat_h=yes
ac_cv_header_sys_types_h=yes
ac_cv_header_sys_wait_h=yes
ac_cv_header_unistd_h=yes
ac_cv_host=x86_64-unknown-linux-gnu
ac_cv_lib_dl_dlopen=yes
ac_cv_lib_dld_shl_load=no
ac_cv_lib_g15_initLibG15=yes
ac_cv_lib_g15render_g15r_loadWbmpSplash=yes
ac_cv_lib_m_sin=yes
ac_cv_lib_pthread_pthread_mutex_init=yes
ac_cv_member_struct_uinput_user_dev_id=yes
ac_cv_objext=o
ac_cv_path_EGREP='/usr/bin/grep -E'
ac_cv_path_GREP=/usr/bin/grep
ac_cv_path_install='/usr/bin/install -c'
ac_cv_path_mkdir=/usr/bin/mkdir
ac_cv_prog_AWK=gawk
ac_cv_prog_CPP='gcc -E'
ac_cv_prog_CXXCPP='g++ -E'
ac_cv_prog_ac_ct_AR=ar
ac_cv_prog_ac_ct_CC=gcc
ac_cv_prog_ac_ct_CXX=g++
ac_cv_prog_ac_ct_RANLIB=ranlib
ac_cv_prog_ac_ct_STRIP=strip
ac_cv_prog_cc_c11=
ac_cv_prog_cc_g=yes
ac_cv_prog_cc_stdc=
ac_cv_prog_cxx_11=no
ac_cv_prog_cxx_cxx11=
ac_cv_prog_cxx_g=yes
ac_cv_prog_cxx_stdcxx=
ac_cv_prog_f77_g=no
ac_cv_prog_gcc_traditional=no
ac_cv_prog_make_make_set=yes
ac_cv_target=x86_64-unknown-linux-gnu
ac_cv_type_pid_t=yes
ac_cv_type_size_t=yes
am_cv_CC_dependencies_compiler_type=gcc3
am_cv_CXX_dependencies_compiler_type=gcc3
lt_cv_deplibs_check_method=pass_all
lt_cv_dlopen=dlopen
lt_cv_dlopen_libs=-ldl
lt_cv_dlopen_self=yes
lt_cv_dlopen_self_static=no
lt_cv_file_magic_cmd='$MAGIC_CMD'
lt_cv_file_magic_test_file=
lt_cv_ld_reload_flag=-r
lt_cv_objdir=.libs
lt_cv_path_LD=/usr/bin/ld
lt_cv_path_LDCXX='/usr/bin/ld -m elf_x86_64'
lt_cv_path_NM='/usr/bin/nm -B'
lt_cv_path_SED=/usr/bin/sed
lt_cv_prog_compiler_c_o=yes
lt_cv_prog_compiler_c_o_CXX=yes
lt_cv_prog_compiler_rtti_exceptions=no
lt_cv_prog_gnu_ld=yes
lt_cv_prog_gnu_ldcxx=yes
lt_cv_sys_global_symbol_pipe='sed -n -e '\''s/^.*[ 	]\([ABCDGIRSTW][ABCDGIRSTW]*\)[ 	][ 	]*\([_A-Za-z][_A-Za-z0-9]*\)$/\1 \2 \2/p'\'''
lt_cv_sys_global_symbol_to_c_name_address='sed -n -e '\''s/^: \([^ ]*\) $/  {\"\1\", (lt_ptr) 0},/p'\'' -e '\''s/^[BCDEGRST] \([^ ]*\) \([^ ]*\)$/  {"\2", (lt_ptr) \&\2},/p'\'''
lt_cv_sys_global_symbol_to_cdecl='sed -n -e '\''s/^. .* \(.*\)$/extern int \1;/p'\'''
lt_cv_sys_max_cmd_len=1572864
lt_lt_cv_prog_compiler_c_o='"yes"'
lt_lt_cv_prog_compiler_c_o_CXX='"yes"'
lt_lt_cv_sys_global_symbol_pipe='"sed -n -e '\''s/^.*[ 	]\\([ABCDGIRSTW][ABCDGIRSTW]*\\)[ 	][ 	]*\\([_A-Za-z][_A-Za-z0-9]*\\)\$/\\1 \\2 \\2/p'\''"'
lt_lt_cv_sys_global_symbol_to_c_name_address='"sed -n -e '\''s/^: \\([^ ]*\\) \$/  {\\\"\\1\\\", (lt_ptr) 0},/p'\'' -e '\''s/^[BCDEGRST] \\([^ ]*\\) \\([^ ]*\\)\$/  {\"\\2\", (lt_ptr) \\&\\2},/p'\''"'
lt_lt_cv_sys_global_symbol_to_cdecl='"sed -n -e '\''s/^. .* \\(.*\\)\$/extern int \\1;/p'\''"'

## ----------------- ##
## Output variables. ##
## ----------------- ##

ACLOCAL='${SHELL} /home/menelkir/Development/Gitlab/g15daemon/config/missing --run aclocal-1.10'
AMDEPBACKSLASH='\'
AMDEP_FALSE='#'
AMDEP_TRUE=''
AMTAR='${SHELL} /home/menelkir/Development/Gitlab/g15daemon/config/missing --run tar'
AR='ar'
AUTOCONF='${SHELL} /home/menelkir/Development/Gitlab/g15daemon/config/missing --run autoconf'
AUTOHEADER='${SHELL} /home/menelkir/Development/Gitlab/g15daemon/config/missing --run autoheader'
AUTOMAKE='${SHELL} /home/menelkir/Development/Gitlab/g15daemon/config/missing --run automake-1.10'
AWK='gawk'
CC='gcc'
CCDEPMODE='depmode=gcc3'
CFLAGS='-march=native -O2 -pipe -fno-plt -fcommon'
CPP='gcc -E'
CPPFLAGS=' -DDATADIR="\"$(datadir)\"" -DPLUGINDIR=\"$(G15DAEMON_PLUGIN_DIR)\" -I$(includedir)'
CXX='g++'
CXXCPP='g++ -E'
CXXDEPMODE='depmode=gcc3'
CXXFLAGS='-march=native -O2 -pipe -fno-plt'
CYGPATH_W='echo'
DEFS='-DHAVE_CONFIG_H'
DEPDIR='.deps'
ECHO='echo'
ECHO_C=''
ECHO_N='-n'
ECHO_T=''
EGREP='/usr/bin/grep -E'
EXEEXT=''
F77=''
FFLAGS=''
G15DAEMON_PLUGIN_DIR='${exec_prefix}/lib/g15daemon/1.9.5.6/plugins'
GREP='/usr/bin/grep'
INSTALL_DATA='${INSTALL} -m 644'
INSTALL_PROGRAM='${INSTALL}'
INSTALL_SCRIPT='${INSTALL}'
INSTALL_STRIP_PROGRAM='$(install_sh) -c -s'
KEXT_INSTALL_FALSE=''
KEXT_INSTALL_TRUE='#'
KEXT_LOCATION=''
LDFLAGS='-Wl,-O1,--sort-common,--as-needed,-z,relro,-z,now'
LIBOBJS=''
LIBS='-lpthread -lm -lg15render -lg15 '
LIBTOOL='$(SHELL) $(top_builddir)/libtool'
LN_S='ln -s'
LTLIBOBJS=''
MAKEINFO='${SHELL} /home/menelkir/Development/Gitlab/g15daemon/config/missing --run makeinfo'
MKDIR_P='/usr/bin/mkdir -p'
OBJEXT='o'
PACKAGE='g15daemon'
PACKAGE_BUGREPORT='menelkir@itroll.org'
PACKAGE_NAME='g15daemon'
PACKAGE_STRING='g15daemon 1.9.5.6'
PACKAGE_TARNAME='g15daemon'
PACKAGE_URL=''
PACKAGE_VERSION='1.9.5.6'
PATH_SEPARATOR=':'
RANLIB='ranlib'
SED='/usr/bin/sed'
SET_MAKE=''
SHELL='/bin/sh'
STRIP='strip'
UINPUT_INTERFACE_PLUGIN_FALSE='#'
UINPUT_INTERFACE_PLUGIN_TRUE=''
VERSION='1.9.5.6'
ac_ct_CC='gcc'
ac_ct_CXX='g++'
ac_ct_F77=''
am__fastdepCC_FALSE='#'
am__fastdepCC_TRUE=''
am__fastdepCXX_FALSE='#'
am__fastdepCXX_TRUE=''
am__include='include'
am__isrc=''
am__leading_dot='.'
am__quote=''
am__tar='${AMTAR} chof - "$$tardir"'
am__untar='${AMTAR} xf -'
bindir='${exec_prefix}/bin'
build='x86_64-unknown-linux-gnu'
build_alias=''
build_cpu='x86_64'
build_os='linux-gnu'
build_vendor='unknown'
datadir='${datarootdir}'
datarootdir='${prefix}/share'
docdir='${datarootdir}/doc/${PACKAGE_TARNAME}'
dvidir='${docdir}'
exec_prefix='${prefix}'
host='x86_64-unknown-linux-gnu'
host_alias=''
host_cpu='x86_64'
host_os='linux-gnu'
host_vendor='unknown'
htmldir='${docdir}'
includedir='${prefix}/include'
infodir='${datarootdir}/info'
install_sh='$(SHELL) /home/menelkir/Development/Gitlab/g15daemon/config/install-sh'
libdir='${exec_prefix}/lib'
libexecdir='${exec_prefix}/libexec'
localedir='${datarootdir}/locale'
localstatedir='${prefix}/var'
mandir='${datarootdir}/man'
mkdir_p='/usr/bin/mkdir -p'
oldincludedir='/usr/include'
pdfdir='${docdir}'
prefix='/usr'
program_transform_name='s,x,x,'
psdir='${docdir}'
runstatedir='${localstatedir}/run'
sbindir='/usr/bin'
sharedstatedir='${prefix}/com'
sysconfdir='${prefix}/etc'
target='x86_64-unknown-linux-gnu'
target_alias=''
target_cpu='x86_64'
target_os='linux-gnu'
target_vendor='unknown'

## ----------- ##
## confdefs.h. ##
## ----------- ##

/* confdefs.h */
#define PACKAGE_NAME "g15daemon"
#define PACKAGE_TARNAME "g15daemon"
#define PACKAGE_VERSION "1.9.5.6"
#define PACKAGE_STRING "g15daemon 1.9.5.6"
#define PACKAGE_BUGREPORT "menelkir@itroll.org"
#define PACKAGE_URL ""
#define PACKAGE "g15daemon"
#define VERSION "1.9.5.6"
#define HAVE_STDIO_H 1
#define HAVE_STDLIB_H 1
#define HAVE_STRING_H 1
#define HAVE_INTTYPES_H 1
#define HAVE_STDINT_H 1
#define HAVE_STRINGS_H 1
#define HAVE_SYS_STAT_H 1
#define HAVE_SYS_TYPES_H 1
#define HAVE_UNISTD_H 1
#define HAVE_SYS_SELECT_H 1
#define HAVE_SYS_SOCKET_H 1
#define STDC_HEADERS 1
#define HAVE_DLFCN_H 1
#define HAVE_LIBG15 1
#define HAVE_LIBG15RENDER 1
#define HAVE_LIBM 1
#define HAVE_LIBPTHREAD 1
#define HAVE_DAEMON 1
#define SELECT_TYPE_ARG1 int
#define SELECT_TYPE_ARG234 (fd_set *)
#define SELECT_TYPE_ARG5 (struct timeval *)
#define HAVE_STRFTIME 1
#define HAVE_MEMSET 1
#define HAVE_SELECT 1
#define HAVE_SOCKET 1
#define HAVE_STRERROR 1
#define HAVE_BACKTRACE 1
#define HAVE_BACKTRACE_SYMBOLS 1
#define HAVE_SYS_WAIT_H 1
#define HAVE_LINUX_INPUT_H 1
#define HAVE_EXECINFO_H 1
#define HAVE_LINUX_UINPUT_H 1
#define HAVE_ARPA_INET_H 1
#define HAVE_FCNTL_H 1
#define HAVE_STDLIB_H 1
#define HAVE_STRING_H 1
#define HAVE_SYS_SOCKET_H 1
#define HAVE_UNISTD_H 1
#define HAVE_LIBG15_H 1
#define HAVE_UINPUT_USER_DEV_ID 1
#define OSTYPE_LINUX 1
#define BUILD_OS_NAME "Linux 5.10.16-arch1-1 x86_64"
#define BUILD_DATE "Tue 23 Feb 2021 06:56:47"
#define COMPILER_VERSION "gcc version 10.2.0 (GCC) "

configure: exit 0

## ---------------------- ##
## Running config.status. ##
## ---------------------- ##

This file was extended by g15daemon config.status 1.9.5.6, which was
generated by GNU Autoconf 2.71.  Invocation command line was

  CONFIG_FILES    = 
  CONFIG_HEADERS  = 
  CONFIG_LINKS    = 
  CONFIG_COMMANDS = 
  $ ./config.status 

on thunderbluff

config.status:910: creating Makefile
config.status:910: creating g15daemon/Makefile
config.status:910: creating libg15daemon_client/Makefile
config.status:910: creating plugins/Makefile
config.status:910: creating config.h
config.status:1139: executing depfiles commands
